start 1491904562.0166
child 20282 finished 1491904562.1191
child 20277 finished 1491904562.1268
child 20279 finished 1491904562.1352
child 20281 finished 1491904562.1437
child 20283 finished 1491904562.1502
child 20276 finished 1491904562.1581
child 20272 finished 1491904562.1659
child 20275 finished 1491904562.1723
child 20274 finished 1491904562.1806
child 20273 finished 1491904562.1885
child 20271 finished 1491904562.1951
child 20280 finished 1491904562.217
child 20278 finished 1491904562.2289
child 20287 finished 1491904562.2442
child 20286 finished 1491904562.2516
child 20285 finished 1491904562.264
child 20288 finished 1491904562.2979
child 20306 finished 1491904562.3418
child 20284 finished 1491904562.365
child 20308 finished 1491904562.3731
child 20292 finished 1491904562.3999
child 20304 finished 1491904562.4073
child 20291 finished 1491904562.4148
child 20302 finished 1491904562.424
child 20296 finished 1491904562.4426
child 20307 finished 1491904562.4506
child 20301 finished 1491904562.4579
child 20309 finished 1491904562.467
child 20293 finished 1491904562.4743
child 20303 finished 1491904562.4873
child 20299 finished 1491904562.4955
child 20300 finished 1491904562.5027
child 20298 finished 1491904562.5117
child 20295 finished 1491904562.5188
child 20326 finished 1491904562.5325
child 20342 finished 1491904562.5405
child 20331 finished 1491904562.547
child 20328 finished 1491904562.5536
child 20340 finished 1491904562.5617
child 20341 finished 1491904562.5684
child 20338 finished 1491904562.5762
child 20332 finished 1491904562.5835
child 20346 finished 1491904562.5915
child 20334 finished 1491904562.5981
child 20339 finished 1491904562.6068
child 20294 finished 1491904562.6133
child 20329 finished 1491904562.6217
child 20344 finished 1491904562.6466
child 20345 finished 1491904562.6562
child 20337 finished 1491904562.6627
child 20347 finished 1491904562.6708
child 20335 finished 1491904562.6776
child 20333 finished 1491904562.6855
child 20330 finished 1491904562.692
child 20327 finished 1491904562.6999
child 20343 finished 1491904562.7065
child 20305 finished 1491904562.713
child 20336 finished 1491904562.7527
child 20297 finished 1491904562.7768
child 20369 finished 1491904562.7914
child 20361 finished 1491904562.8008
child 20364 finished 1491904562.8114
child 20358 finished 1491904562.8489
child 20367 finished 1491904562.8568
child 20370 finished 1491904562.8635
child 20366 finished 1491904562.8716
child 20360 finished 1491904562.879
child 20365 finished 1491904562.8879
child 20372 finished 1491904562.895
child 20374 finished 1491904562.9051
child 20371 finished 1491904562.9138
child 20375 finished 1491904562.9204
child 20368 finished 1491904562.9307
child 20357 finished 1491904562.9388
child 20376 finished 1491904562.9501
child 20377 finished 1491904562.9615
child 20373 finished 1491904562.9712
child 20391 finished 1491904562.9783
child 20359 finished 1491904562.9875
child 20362 finished 1491904562.994
child 20393 finished 1491904563.014
child 20394 finished 1491904563.0231
child 20395 finished 1491904563.0366
child 20398 finished 1491904563.0504
child 20397 finished 1491904563.0599
child 20399 finished 1491904563.0747
child 20400 finished 1491904563.0851
child 20401 finished 1491904563.0967
child 20402 finished 1491904563.1078
child 20403 finished 1491904563.1261
child 20363 finished 1491904563.1479
child 20404 finished 1491904563.1562
child 20405 finished 1491904563.1702
child 20406 finished 1491904563.1883
child 20407 finished 1491904563.2003
child 20408 finished 1491904563.2104
child 20409 finished 1491904563.2483
child 20410 finished 1491904563.2636
child 20411 finished 1491904563.2701
child 20414 finished 1491904563.2899
child 20415 finished 1491904563.2963
child 20412 finished 1491904563.3029
child 20416 finished 1491904563.3147
child 20413 finished 1491904563.324
child 20396 finished 1491904563.3613
child 20428 finished 1491904563.3908
child 20418 finished 1491904563.3973
child 20436 finished 1491904563.4051
child 20438 finished 1491904563.4115
child 20435 finished 1491904563.4191
child 20417 finished 1491904563.4256
child 20426 finished 1491904563.4339
child 20422 finished 1491904563.4403
child 20425 finished 1491904563.4485
child 20424 finished 1491904563.455
child 20437 finished 1491904563.4619
child 20419 finished 1491904563.4699
child 20427 finished 1491904563.478
child 20430 finished 1491904563.4899
child 20420 finished 1491904563.4978
child 20421 finished 1491904563.5106
child 20392 finished 1491904563.5171
child 20433 finished 1491904563.5251
child 20439 finished 1491904563.6008
child 20429 finished 1491904563.6197
child 20434 finished 1491904563.6268
child 20461 finished 1491904563.6443
child 20423 finished 1491904563.6528
child 20463 finished 1491904563.6593
child 20453 finished 1491904563.6672
child 20431 finished 1491904563.6738
child 20449 finished 1491904563.6833
child 20459 finished 1491904563.6922
child 20462 finished 1491904563.7022
child 20450 finished 1491904563.7114
child 20456 finished 1491904563.7179
child 20432 finished 1491904563.7362
child 20483 finished 1491904563.7633
child 20491 finished 1491904563.7709
child 20490 finished 1491904563.78
child 20493 finished 1491904563.7871
child 20484 finished 1491904563.7957
child 20495 finished 1491904563.8047
child 20494 finished 1491904563.8115
child 20497 finished 1491904563.821
child 20487 finished 1491904563.8291
child 20455 finished 1491904563.8396
child 20489 finished 1491904563.8465
child 20447 finished 1491904563.8545
child 20466 finished 1491904563.8613
child 20454 finished 1491904563.8696
child 20458 finished 1491904563.876
child 20465 finished 1491904563.885
child 20492 finished 1491904563.8961
child 20452 finished 1491904563.9033
child 20481 finished 1491904563.9411
child 20464 finished 1491904563.949
child 20485 finished 1491904563.9559
child 20460 finished 1491904564.6657
child 20482 finished 1491904564.6943
child 20480 finished 1491904564.7111
child 20498 finished 1491904564.7208
child 20496 finished 1491904564.7803
child 20448 finished 1491904564.8668
child 20451 finished 1491904564.8879
child 20446 finished 1491904565.1511
child 20488 finished 1491904565.2088
child 20500 finished 1491904565.2222
child 20457 finished 1491904565.2386
child 20499 finished 1491904565.251
child 20598 finished 1491904565.6224
child 20538 finished 1491904565.6405
child 20622 finished 1491904565.6716
child 20596 finished 1491904565.6847
child 20513 finished 1491904565.7073
child 20542 finished 1491904565.7394
child 20606 finished 1491904565.7498
child 20512 finished 1491904565.7651
child 20572 finished 1491904565.7792
child 20623 finished 1491904565.7967
child 20541 finished 1491904565.8075
child 20529 finished 1491904565.8199
child 20536 finished 1491904565.8315
child 20533 finished 1491904565.8427
child 20543 finished 1491904565.8539
child 20613 finished 1491904565.8694
child 20624 finished 1491904565.8826
child 20534 finished 1491904565.894
child 20615 finished 1491904565.9058
child 20595 finished 1491904565.9167
child 20514 finished 1491904565.9286
child 20535 finished 1491904565.9419
child 20597 finished 1491904565.9566
child 20631 finished 1491904565.9685
child 20576 finished 1491904565.9791
child 20578 finished 1491904565.9908
child 20569 finished 1491904566.0043
child 20571 finished 1491904566.0149
child 20509 finished 1491904566.0308
child 20532 finished 1491904566.0419
child 20525 finished 1491904566.0533
child 20608 finished 1491904566.0641
child 20537 finished 1491904566.0839
child 20614 finished 1491904566.0955
child 20562 finished 1491904566.1058
child 20526 finished 1491904566.1161
child 20508 finished 1491904566.1271
child 20527 finished 1491904566.1372
child 20629 finished 1491904566.158
child 20600 finished 1491904566.1712
child 20530 finished 1491904566.2032
child 20528 finished 1491904566.2242
child 20523 finished 1491904566.2361
child 20515 finished 1491904566.2536
child 20563 finished 1491904566.2981
child 20519 finished 1491904566.3099
child 20547 finished 1491904566.3202
child 20540 finished 1491904566.3319
child 20539 finished 1491904566.3422
child 20517 finished 1491904566.3561
child 20486 finished 1491904566.372
child 20568 finished 1491904566.3831
child 20573 finished 1491904566.416
child 20531 finished 1491904566.4269
child 20545 finished 1491904566.4407
child 20616 finished 1491904566.4533
child 20544 finished 1491904566.4644
child 20518 finished 1491904566.4789
child 20507 finished 1491904566.4899
child 20565 finished 1491904566.5034
child 20510 finished 1491904566.5138
child 20546 finished 1491904566.5348
child 20621 finished 1491904566.5466
child 20566 finished 1491904566.5579
child 20524 finished 1491904566.5736
child 20560 finished 1491904566.5907
child 20610 finished 1491904566.6008
child 20599 finished 1491904566.6117
child 20564 finished 1491904566.622
child 20561 finished 1491904567.1308
child 20577 finished 1491904567.137
child 20548 finished 1491904567.1448
child 20567 finished 1491904567.1512
child 20511 finished 1491904567.1578
child 20570 finished 1491904567.1655
child 20633 finished 1491904567.175
child 20575 finished 1491904567.1822
child 20574 finished 1491904567.189
child 20516 finished 1491904567.1974
child 20634 finished 1491904567.2051
child 20636 finished 1491904567.4021
child 20637 finished 1491904567.4162
child 20639 finished 1491904567.4639
child 20638 finished 1491904567.4709
child 20640 finished 1491904567.4861
child 20641 finished 1491904567.4931
child 20642 finished 1491904567.5115
child 20643 finished 1491904567.53
child 20644 finished 1491904567.5567
child 20647 finished 1491904567.5648
child 20645 finished 1491904567.5716
child 20646 finished 1491904567.5841
child 20648 finished 1491904567.6093
child 20650 finished 1491904567.6216
child 20649 finished 1491904567.6285
child 20651 finished 1491904567.6398
child 20652 finished 1491904567.662
child 20653 finished 1491904567.6829
child 20654 finished 1491904567.6937
child 20656 finished 1491904567.7185
child 20655 finished 1491904567.73
child 20657 finished 1491904567.7421
child 20658 finished 1491904567.7564
child 20660 finished 1491904567.7882
child 20661 finished 1491904567.7961
child 20663 finished 1491904567.8027
child 20662 finished 1491904567.8093
child 20666 finished 1491904567.8175
child 20664 finished 1491904567.8421
child 20667 finished 1491904567.8523
child 20668 finished 1491904567.8621
child 20669 finished 1491904567.8757
child 20670 finished 1491904567.9484
child 20691 finished 1491904567.9574
child 20686 finished 1491904567.9713
child 20673 finished 1491904567.9788
child 20694 finished 1491904567.988
child 20672 finished 1491904567.9948
child 20665 finished 1491904568.0057
child 20671 finished 1491904568.0122
child 20695 finished 1491904568.0203
child 20688 finished 1491904568.0283
child 20677 finished 1491904568.0386
child 20687 finished 1491904568.0474
child 20681 finished 1491904568.0626
child 20659 finished 1491904568.0697
child 20676 finished 1491904568.0912
child 20692 finished 1491904568.0997
child 20680 finished 1491904568.1076
child 20682 finished 1491904568.1164
child 20689 finished 1491904568.1232
child 20685 finished 1491904568.1312
child 20674 finished 1491904568.1378
child 20678 finished 1491904568.146
child 20693 finished 1491904568.1663
child 20696 finished 1491904568.1742
child 20730 finished 1491904568.1808
child 20731 finished 1491904568.1892
child 20721 finished 1491904568.1957
child 20679 finished 1491904568.2077
child 20737 finished 1491904568.2141
child 20723 finished 1491904568.2224
child 20683 finished 1491904568.2291
child 20675 finished 1491904568.2377
child 20684 finished 1491904568.2667
child 20690 finished 1491904568.2754
child 20715 finished 1491904568.3201
child 20717 finished 1491904568.3317
child 20725 finished 1491904568.3388
child 20724 finished 1491904568.3468
child 20734 finished 1491904568.3537
child 20738 finished 1491904568.3614
child 20733 finished 1491904568.3679
child 20719 finished 1491904568.3757
child 20727 finished 1491904568.3823
child 20716 finished 1491904568.3911
child 20726 finished 1491904568.4117
child 20720 finished 1491904568.4222
child 20732 finished 1491904568.4293
child 20728 finished 1491904568.4382
child 20736 finished 1491904568.4628
child 20722 finished 1491904568.4743
child 20714 finished 1491904568.4907
child 20769 finished 1491904568.5018
child 20781 finished 1491904568.5092
child 20773 finished 1491904568.5186
child 20776 finished 1491904568.5251
child 20764 finished 1491904568.5358
child 20761 finished 1491904568.544
child 20772 finished 1491904568.5534
child 20782 finished 1491904568.5618
child 20770 finished 1491904568.5704
child 20763 finished 1491904568.5784
child 20771 finished 1491904568.5861
child 20779 finished 1491904568.5975
child 20765 finished 1491904568.6052
child 20729 finished 1491904568.6135
child 20718 finished 1491904568.6245
child 20768 finished 1491904568.6314
child 20766 finished 1491904568.6385
child 20762 finished 1491904568.6473
child 20780 finished 1491904568.656
child 20774 finished 1491904568.6636
child 20777 finished 1491904568.6725
child 20735 finished 1491904568.6838
child 20767 finished 1491904568.7022
child 20786 finished 1491904568.7099
child 20713 finished 1491904568.7435
child 20800 finished 1491904568.7823
child 20798 finished 1491904568.7899
child 20803 finished 1491904568.7972
child 20806 finished 1491904568.8055
child 20801 finished 1491904568.815
child 20807 finished 1491904568.8186
child 20795 finished 1491904568.8263
child 20804 finished 1491904568.8317
child 20794 finished 1491904568.8387
child 20810 finished 1491904568.8483
child 20797 finished 1491904568.8515
child 20802 finished 1491904568.8734
child 20799 finished 1491904568.8819
child 20796 finished 1491904568.8914
child 20808 finished 1491904568.9039
child 20805 finished 1491904568.9146
child 20775 finished 1491904568.9214
child 20778 finished 1491904568.9335
child 20811 finished 1491904568.9494
child 20783 finished 1491904568.967
child 20760 finished 1491904568.9753
child 20785 finished 1491904568.9865
child 20784 finished 1491904568.994
child 20793 finished 1491904569.0052
child 20813 finished 1491904569.0148
child 20809 finished 1491904569.0285
child 20814 finished 1491904569.0376
child 20815 finished 1491904569.0535
child 20816 finished 1491904569.0703
child 20817 finished 1491904569.0878
child 20818 finished 1491904569.101
child 20819 finished 1491904569.1167
child 20820 finished 1491904569.1389
child 20821 finished 1491904569.1517
child 20822 finished 1491904569.1609
child 20823 finished 1491904569.1774
child 20824 finished 1491904569.1904
child 20825 finished 1491904569.2028
child 20826 finished 1491904569.2127
child 20827 finished 1491904569.2221
child 20828 finished 1491904569.233
child 20829 finished 1491904569.2432
child 20831 finished 1491904569.272
child 20832 finished 1491904569.2838
child 20833 finished 1491904569.2947
child 20830 finished 1491904569.3025
child 20834 finished 1491904569.311
child 20835 finished 1491904569.3201
child 20836 finished 1491904569.3356
child 20837 finished 1491904569.3496
child 20838 finished 1491904569.3604
child 20839 finished 1491904569.3683
child 20840 finished 1491904569.3817
child 20812 finished 1491904569.4062
child 20842 finished 1491904569.415
child 20843 finished 1491904569.4235
child 20844 finished 1491904569.4358
child 20845 finished 1491904569.444
child 20846 finished 1491904569.4558
child 20847 finished 1491904569.4708
child 20848 finished 1491904569.4855
child 20849 finished 1491904569.4939
child 20850 finished 1491904569.5095
child 20851 finished 1491904569.542
child 20852 finished 1491904569.5555
child 20853 finished 1491904569.5678
child 20855 finished 1491904569.5815
child 20854 finished 1491904569.5904
child 20856 finished 1491904569.6098
child 20857 finished 1491904569.6171
child 20860 finished 1491904569.6274
child 20858 finished 1491904569.6382
child 20862 finished 1491904569.6463
child 20861 finished 1491904569.656
child 20859 finished 1491904569.6651
child 20841 finished 1491904569.6745
child 20870 finished 1491904569.7285
child 20879 finished 1491904569.7388
child 20869 finished 1491904569.7469
child 20864 finished 1491904569.7536
child 20874 finished 1491904569.7619
child 20878 finished 1491904569.7703
child 20868 finished 1491904569.7791
child 20863 finished 1491904569.7872
child 20871 finished 1491904569.7954
child 20867 finished 1491904569.804
child 20877 finished 1491904569.811
child 20873 finished 1491904569.8189
child 20872 finished 1491904569.8291
child 20875 finished 1491904569.8372
child 20876 finished 1491904569.8487
child 20865 finished 1491904569.8583
child 20866 finished 1491904569.8681
child 20886 finished 1491904569.9302
child 20896 finished 1491904569.9391
child 20889 finished 1491904569.9489
child 20890 finished 1491904569.9561
child 20885 finished 1491904569.9689
child 20897 finished 1491904569.9799
child 20891 finished 1491904569.9889
child 20888 finished 1491904569.996
child 20880 finished 1491904570.0039
child 20883 finished 1491904570.0133
child 20881 finished 1491904570.0213
child 20887 finished 1491904570.0306
child 20882 finished 1491904570.0408
child 20894 finished 1491904570.0499
child 20884 finished 1491904570.0584
child 20895 finished 1491904570.0785
child 20892 finished 1491904570.0875
child 20893 finished 1491904570.0989
child 20898 finished 1491904570.1069
child 20912 finished 1491904570.1539
child 20917 finished 1491904570.1624
child 20901 finished 1491904570.1714
child 20916 finished 1491904570.1794
child 20908 finished 1491904570.1878
child 20906 finished 1491904570.2
child 20911 finished 1491904570.2079
child 20904 finished 1491904570.2168
child 20915 finished 1491904570.2244
child 20902 finished 1491904570.2339
child 20913 finished 1491904570.2416
child 20910 finished 1491904570.2502
child 20914 finished 1491904570.2581
child 20903 finished 1491904570.2678
child 20905 finished 1491904570.2757
child 20900 finished 1491904570.2849
child 20909 finished 1491904570.2967
child 20899 finished 1491904570.3521
child 20907 finished 1491904570.3611
child 20933 finished 1491904570.455
child 20923 finished 1491904570.4644
child 20929 finished 1491904570.4753
child 20922 finished 1491904570.4837
child 20931 finished 1491904570.4906
child 20927 finished 1491904570.4994
child 20936 finished 1491904570.506
child 20919 finished 1491904570.5141
child 20932 finished 1491904570.5206
child 20924 finished 1491904570.5291
child 20928 finished 1491904570.5361
child 20930 finished 1491904570.5442
child 20920 finished 1491904570.5638
child 20925 finished 1491904570.5705
child 20938 finished 1491904570.5788
child 20921 finished 1491904570.5853
child 20935 finished 1491904570.5935
child 20934 finished 1491904570.6114
child 20939 finished 1491904570.6181
child 20952 finished 1491904570.6315
child 20955 finished 1491904570.6401
child 20958 finished 1491904570.6469
child 20960 finished 1491904570.6556
child 20962 finished 1491904570.6627
child 20956 finished 1491904570.6741
child 20947 finished 1491904570.6851
child 20959 finished 1491904570.6921
child 20944 finished 1491904570.7004
child 20963 finished 1491904570.7071
child 20949 finished 1491904570.7144
child 20937 finished 1491904570.7223
child 20957 finished 1491904570.7304
child 20946 finished 1491904570.7377
child 20948 finished 1491904570.7499
child 20953 finished 1491904570.7567
child 20954 finished 1491904570.7647
child 20964 finished 1491904570.774
child 20961 finished 1491904570.7822
child 20945 finished 1491904570.7925
child 20965 finished 1491904570.802
child 20951 finished 1491904570.8088
child 20950 finished 1491904570.824
child 20966 finished 1491904570.831
child 20988 finished 1491904570.8552
child 20926 finished 1491904570.8621
child 20989 finished 1491904570.8752
child 20991 finished 1491904570.8927
child 20993 finished 1491904570.8994
child 20990 finished 1491904570.9094
child 20918 finished 1491904570.9183
child 20994 finished 1491904570.9262
child 20992 finished 1491904570.9339
child 20995 finished 1491904570.9436
child 20996 finished 1491904570.9527
child 20998 finished 1491904570.9656
child 20997 finished 1491904570.9723
child 21000 finished 1491904570.9885
child 21003 finished 1491904570.9994
child 21001 finished 1491904571.0063
child 21002 finished 1491904571.0147
child 20999 finished 1491904571.0232
child 21004 finished 1491904571.0329
child 21005 finished 1491904571.0399
child 21006 finished 1491904571.0494
child 21007 finished 1491904571.0789
child 21021 finished 1491904571.1425
child 21034 finished 1491904571.1518
child 21016 finished 1491904571.1585
child 21035 finished 1491904571.1652
child 21033 finished 1491904571.1741
child 21019 finished 1491904571.1771
child 21030 finished 1491904571.1851
child 21026 finished 1491904571.192
child 21022 finished 1491904571.2001
child 21020 finished 1491904571.2067
child 21018 finished 1491904571.2134
child 21011 finished 1491904571.2217
child 21028 finished 1491904571.23
child 21013 finished 1491904571.2368
child 21032 finished 1491904571.2448
child 21029 finished 1491904571.2514
child 21027 finished 1491904571.2601
child 21023 finished 1491904571.2672
child 21025 finished 1491904571.2745
child 21031 finished 1491904571.2832
child 21012 finished 1491904571.2978
child 21017 finished 1491904571.3074
child 21024 finished 1491904571.3168
child 21015 finished 1491904571.3336
child 21014 finished 1491904571.3422
child 21050 finished 1491904571.3853
child 21042 finished 1491904571.3942
child 21036 finished 1491904571.414
child 21041 finished 1491904571.4207
child 21052 finished 1491904571.4306
child 21038 finished 1491904571.4372
child 21048 finished 1491904571.4437
child 21057 finished 1491904571.4553
child 21051 finished 1491904571.464
child 21046 finished 1491904571.4705
child 21054 finished 1491904571.4787
child 21045 finished 1491904571.5504
child 21047 finished 1491904571.5635
child 21053 finished 1491904571.5721
child 21056 finished 1491904571.5787
child 21039 finished 1491904571.5874
child 21040 finished 1491904571.594
child 21055 finished 1491904571.6015
child 21043 finished 1491904571.6099
child 21049 finished 1491904571.6229
child 21088 finished 1491904571.6355
child 21044 finished 1491904571.6441
child 21070 finished 1491904571.668
child 21076 finished 1491904571.6747
child 21071 finished 1491904571.6814
child 21080 finished 1491904571.6894
child 21078 finished 1491904571.6975
child 21037 finished 1491904571.7041
child 21072 finished 1491904571.7121
child 21087 finished 1491904571.7191
child 21069 finished 1491904571.7257
child 21081 finished 1491904571.7343
child 21079 finished 1491904571.741
child 21073 finished 1491904571.7562
child 21086 finished 1491904571.7655
child 21084 finished 1491904571.7741
child 21089 finished 1491904571.781
child 21090 finished 1491904571.7937
child 21075 finished 1491904571.8833
child 21077 finished 1491904571.8925
child 21074 finished 1491904571.901
child 21085 finished 1491904571.9155
child 21082 finished 1491904571.9241
child 21110 finished 1491904571.9568
child 21109 finished 1491904571.9644
child 21083 finished 1491904571.9728
child 21103 finished 1491904571.9797
child 21100 finished 1491904571.9977
child 21117 finished 1491904572.0044
child 21101 finished 1491904572.0142
child 21116 finished 1491904572.0211
child 21106 finished 1491904572.0296
child 21114 finished 1491904572.0439
child 21107 finished 1491904572.1653
child 21105 finished 1491904572.1721
child 21133 finished 1491904572.1806
child 21152 finished 1491904572.1874
child 21142 finished 1491904572.1941
child 21115 finished 1491904572.2023
child 21149 finished 1491904572.2088
child 21141 finished 1491904572.2152
child 21104 finished 1491904572.2234
child 21151 finished 1491904572.2314
child 21148 finished 1491904572.238
child 21139 finished 1491904572.2461
child 21118 finished 1491904572.2527
child 21140 finished 1491904572.2607
child 21098 finished 1491904572.2678
child 21135 finished 1491904572.2762
child 21146 finished 1491904572.2828
child 21108 finished 1491904572.2908
child 21102 finished 1491904572.2971
child 21112 finished 1491904572.3037
child 21099 finished 1491904572.3122
child 21111 finished 1491904572.3204
child 21134 finished 1491904572.3272
child 21137 finished 1491904572.3339
child 21113 finished 1491904572.3423
child 21136 finished 1491904572.3546
child 21097 finished 1491904572.3617
child 21150 finished 1491904572.3748
child 21143 finished 1491904572.3908
child 21147 finished 1491904572.4022
child 21144 finished 1491904572.4141
child 21169 finished 1491904572.4382
child 21145 finished 1491904572.4467
child 21167 finished 1491904572.4543
child 21172 finished 1491904572.4693
child 21164 finished 1491904572.4792
child 21166 finished 1491904572.4871
child 21132 finished 1491904572.4969
child 21162 finished 1491904572.5154
child 21159 finished 1491904572.5242
child 21161 finished 1491904572.5317
child 21177 finished 1491904572.5402
child 21165 finished 1491904572.5482
child 21176 finished 1491904572.5574
child 21171 finished 1491904572.5644
child 21174 finished 1491904572.5736
child 21173 finished 1491904572.5822
child 21160 finished 1491904572.5913
child 21195 finished 1491904572.5982
child 21170 finished 1491904572.6072
child 21178 finished 1491904572.6143
child 21203 finished 1491904572.6228
child 21158 finished 1491904572.6325
child 21163 finished 1491904572.6393
child 21205 finished 1491904572.6488
child 21204 finished 1491904572.6557
child 21196 finished 1491904572.6626
child 21206 finished 1491904572.6711
child 21198 finished 1491904572.6791
child 21200 finished 1491904572.6859
child 21175 finished 1491904572.6971
child 21168 finished 1491904572.7062
child 21207 finished 1491904572.7152
child 21199 finished 1491904572.7336
child 21138 finished 1491904572.7464
child 21202 finished 1491904572.7555
child 21201 finished 1491904572.7654
child 21197 finished 1491904572.7792
child 21212 finished 1491904572.7954
child 21213 finished 1491904572.8199
child 21211 finished 1491904572.8293
child 21214 finished 1491904572.8385
child 21216 finished 1491904572.851
child 21215 finished 1491904572.8511
child 21217 finished 1491904572.8739
child 21218 finished 1491904572.8955
child 21220 finished 1491904572.913
child 21219 finished 1491904572.9216
child 21221 finished 1491904572.9371
child 21222 finished 1491904572.9489
child 21225 finished 1491904572.9877
child 21227 finished 1491904572.9973
child 21223 finished 1491904573.0049
child 21229 finished 1491904573.0136
child 21226 finished 1491904573.0234
child 21224 finished 1491904573.0304
child 21228 finished 1491904573.0374
child 21230 finished 1491904573.0498
child 21248 finished 1491904573.1079
child 21253 finished 1491904573.1172
child 21233 finished 1491904573.1243
child 21234 finished 1491904573.133
child 21243 finished 1491904573.1423
child 21237 finished 1491904573.1512
child 21235 finished 1491904573.1637
child 21240 finished 1491904573.1718
child 21252 finished 1491904573.1802
child 21236 finished 1491904573.187
child 21241 finished 1491904573.1966
child 21256 finished 1491904573.2049
child 21242 finished 1491904573.2138
child 21239 finished 1491904573.2207
child 21251 finished 1491904573.2431
child 21231 finished 1491904573.2515
child 21245 finished 1491904573.2644
child 21258 finished 1491904573.3283
child 21250 finished 1491904573.3368
child 21247 finished 1491904573.4001
child 21246 finished 1491904573.4139
child 21244 finished 1491904573.4213
child 21249 finished 1491904573.4281
child 21232 finished 1491904573.4361
child 21255 finished 1491904573.4451
child 21254 finished 1491904573.4537
child 21257 finished 1491904573.4662
child 21273 finished 1491904573.4788
child 21279 finished 1491904573.4864
child 21281 finished 1491904573.4945
child 21274 finished 1491904573.5011
child 21272 finished 1491904573.51
child 21271 finished 1491904573.5168
child 21269 finished 1491904573.525
child 21285 finished 1491904573.532
child 21283 finished 1491904573.5402
child 21278 finished 1491904573.547
child 21282 finished 1491904573.5537
child 21277 finished 1491904573.5622
child 21270 finished 1491904573.5708
child 21275 finished 1491904573.5784
child 21280 finished 1491904573.5866
child 21284 finished 1491904573.5937
child 21286 finished 1491904573.6215
child 21238 finished 1491904573.629
child 21268 finished 1491904573.639
child 21287 finished 1491904573.6494
child 21276 finished 1491904573.6756
child 21301 finished 1491904573.6933
child 21288 finished 1491904573.7
child 21299 finished 1491904573.7188
child 21303 finished 1491904573.771
child 21312 finished 1491904573.7778
child 21304 finished 1491904573.7848
child 21311 finished 1491904573.793
child 21307 finished 1491904573.8016
child 21313 finished 1491904573.8082
child 21305 finished 1491904573.815
child 21296 finished 1491904573.8237
child 21302 finished 1491904573.8305
child 21298 finished 1491904573.8386
child 21297 finished 1491904573.8459
child 21308 finished 1491904573.8529
child 21294 finished 1491904573.8614
child 21310 finished 1491904573.8694
child 21300 finished 1491904573.8763
child 21309 finished 1491904573.8847
child 21337 finished 1491904573.907
child 21334 finished 1491904573.9154
child 21342 finished 1491904573.922
child 21339 finished 1491904573.9287
child 21332 finished 1491904573.9368
child 21341 finished 1491904573.9448
child 21336 finished 1491904573.9512
child 21338 finished 1491904573.9594
child 21335 finished 1491904573.9661
child 21333 finished 1491904573.9732
child 21340 finished 1491904573.9818
child 21293 finished 1491904574.0008
child 21306 finished 1491904574.0052
child 21295 finished 1491904574.013
child 21362 finished 1491904574.0762
child 21344 finished 1491904574.0925
child 21354 finished 1491904574.1079
child 21347 finished 1491904574.1215
child 21355 finished 1491904574.1294
child 21363 finished 1491904574.136
child 21348 finished 1491904574.1428
child 21351 finished 1491904574.1509
child 21345 finished 1491904574.1574
child 21359 finished 1491904574.1662
child 21357 finished 1491904574.1796
child 21349 finished 1491904574.1893
child 21356 finished 1491904574.2018
child 21352 finished 1491904574.2166
child 21361 finished 1491904574.23
child 21364 finished 1491904574.2385
child 21350 finished 1491904574.2457
child 21360 finished 1491904574.2538
child 21346 finished 1491904574.2674
child 21377 finished 1491904574.2772
child 21380 finished 1491904574.2841
child 21391 finished 1491904574.2923
child 21358 finished 1491904574.2994
child 21390 finished 1491904574.3076
child 21389 finished 1491904574.3149
child 21373 finished 1491904574.3232
child 21382 finished 1491904574.3298
child 21388 finished 1491904574.3383
child 21374 finished 1491904574.3453
child 21387 finished 1491904574.3536
child 21376 finished 1491904574.3605
child 21381 finished 1491904574.3696
child 21378 finished 1491904574.3775
child 21379 finished 1491904574.3874
child 21353 finished 1491904574.3943
child 21386 finished 1491904574.403
child 21375 finished 1491904574.529
child 21384 finished 1491904574.5435
child 21383 finished 1491904574.5593
child 21385 finished 1491904574.5772
child 21397 finished 1491904574.5949
child 21412 finished 1491904574.603
child 21395 finished 1491904574.6102
child 21402 finished 1491904574.6184
child 21401 finished 1491904574.6255
child 21403 finished 1491904574.6336
child 21404 finished 1491904574.6403
child 21410 finished 1491904574.6472
child 21400 finished 1491904574.6554
child 21408 finished 1491904574.6639
child 21406 finished 1491904574.6816
child 21407 finished 1491904574.7303
child 21398 finished 1491904574.7388
child 21411 finished 1491904574.7469
child 21399 finished 1491904574.7556
child 21405 finished 1491904574.7748
child 21396 finished 1491904574.7819
child 21409 finished 1491904574.7909
child 21438 finished 1491904574.8012
child 21429 finished 1491904574.8092
child 21441 finished 1491904574.8176
child 21432 finished 1491904574.8242
child 21433 finished 1491904574.8313
child 21437 finished 1491904574.8391
child 21427 finished 1491904574.847
child 21423 finished 1491904574.8539
child 21436 finished 1491904574.8608
child 21422 finished 1491904574.869
child 21434 finished 1491904574.8758
child 21439 finished 1491904574.8839
child 21420 finished 1491904574.8904
child 21430 finished 1491904574.8986
child 21431 finished 1491904574.9055
child 21435 finished 1491904574.9155
child 21428 finished 1491904574.9223
child 21454 finished 1491904574.9295
child 21444 finished 1491904574.9359
child 21424 finished 1491904574.9472
child 21425 finished 1491904574.9566
child 21421 finished 1491904574.968
child 21440 finished 1491904574.9798
child 21443 finished 1491904574.9889
child 21455 finished 1491904574.9987
child 21456 finished 1491904575.0092
child 21426 finished 1491904575.0158
child 21442 finished 1491904575.0256
child 21460 finished 1491904575.0356
child 21458 finished 1491904575.042
child 21459 finished 1491904575.0446
child 21462 finished 1491904575.0611
child 21457 finished 1491904575.0685
child 21463 finished 1491904575.0752
child 21461 finished 1491904575.0851
child 21464 finished 1491904575.1159
child 21474 finished 1491904575.1397
child 21480 finished 1491904575.1469
child 21487 finished 1491904575.1532
child 21481 finished 1491904575.1596
child 21479 finished 1491904575.1708
child 21482 finished 1491904575.1773
child 21483 finished 1491904575.1833
child 21476 finished 1491904575.1903
child 21486 finished 1491904575.1967
child 21477 finished 1491904575.2073
child 21475 finished 1491904575.2194
child 21488 finished 1491904575.2262
child 21478 finished 1491904575.2461
child 21473 finished 1491904575.2524
child 21485 finished 1491904575.2625
child 21484 finished 1491904575.2786
child 21492 finished 1491904575.3231
child 21497 finished 1491904575.3307
child 21501 finished 1491904575.3454
child 21510 finished 1491904575.3551
child 21499 finished 1491904575.3647
child 21512 finished 1491904575.3714
child 21511 finished 1491904575.3805
child 21494 finished 1491904575.3871
child 21509 finished 1491904575.3949
child 21500 finished 1491904575.403
child 21503 finished 1491904575.4128
child 21502 finished 1491904575.421
child 21498 finished 1491904575.43
child 21493 finished 1491904575.4366
child 21496 finished 1491904575.4449
child 21505 finished 1491904575.4517
child 21504 finished 1491904575.4597
child 21490 finished 1491904575.467
child 21491 finished 1491904575.4737
child 21489 finished 1491904575.4835
child 21507 finished 1491904575.4924
child 21513 finished 1491904575.499
child 21495 finished 1491904575.5074
child 21508 finished 1491904575.5181
child 21506 finished 1491904575.5604
child 21533 finished 1491904575.5998
child 21535 finished 1491904575.6086
child 21527 finished 1491904575.6181
child 21526 finished 1491904575.6253
child 21524 finished 1491904575.6342
child 21515 finished 1491904575.6432
child 21536 finished 1491904575.6502
child 21517 finished 1491904575.658
child 21534 finished 1491904575.6674
child 21525 finished 1491904575.6766
child 21531 finished 1491904575.6844
child 21530 finished 1491904575.6928
child 21523 finished 1491904575.7078
child 21528 finished 1491904575.7206
child 21516 finished 1491904575.7433
child 21522 finished 1491904575.7538
child 21520 finished 1491904575.7856
child 21519 finished 1491904575.818
child 21518 finished 1491904575.8269
child 21529 finished 1491904575.8408
child 21521 finished 1491904575.8474
child 21537 finished 1491904575.8611
child 21514 finished 1491904575.8678
child 21538 finished 1491904575.8875
child 21532 finished 1491904575.8994
child 21539 finished 1491904575.9337
child 21561 finished 1491904575.9471
child 21554 finished 1491904575.9542
child 21560 finished 1491904575.9624
child 21567 finished 1491904575.969
child 21555 finished 1491904575.9774
child 21562 finished 1491904575.9857
child 21557 finished 1491904575.993
child 21553 finished 1491904576.0012
child 21559 finished 1491904576.0079
child 21569 finished 1491904576.0148
child 21566 finished 1491904576.0231
child 21568 finished 1491904576.0298
child 21550 finished 1491904576.0382
child 21565 finished 1491904576.0451
child 21556 finished 1491904576.0545
child 21558 finished 1491904576.0661
child 21564 finished 1491904576.073
child 21551 finished 1491904576.0798
child 21570 finished 1491904576.0881
child 21552 finished 1491904576.0964
child 21563 finished 1491904576.1076
child 21576 finished 1491904576.1191
child 21577 finished 1491904576.1325
child 21575 finished 1491904576.1401
child 21549 finished 1491904576.195
child 21591 finished 1491904576.4484
child 21590 finished 1491904576.4573
child 21592 finished 1491904576.4643
child 21587 finished 1491904576.4859
child 21593 finished 1491904576.4929
child 21589 finished 1491904576.5014
child 21585 finished 1491904576.5323
child 21583 finished 1491904576.5513
child 21581 finished 1491904576.5943
child 21588 finished 1491904576.6823
child 21586 finished 1491904576.6954
child 21582 finished 1491904576.7024
child 21584 finished 1491904576.7226
end 1491904576.7297
