start 1491904334.1735
child 20085 finished 1491904337.0712
child 20086 finished 1491904337.144
child 20082 finished 1491904337.3224
child 20083 finished 1491904337.3807
child 20088 finished 1491904337.4652
child 20089 finished 1491904337.5181
child 20090 finished 1491904337.5357
child 20095 finished 1491904337.6623
child 20092 finished 1491904337.6706
child 20084 finished 1491904337.6777
child 20087 finished 1491904337.7315
child 20098 finished 1491904337.8153
child 20099 finished 1491904337.8225
child 20102 finished 1491904337.8851
child 20096 finished 1491904337.9353
child 20093 finished 1491904337.9442
child 20094 finished 1491904338.1915
child 20091 finished 1491904338.3176
child 20108 finished 1491904338.3818
child 20100 finished 1491904338.3903
child 20113 finished 1491904338.469
child 20097 finished 1491904338.4857
child 20117 finished 1491904338.5301
child 20115 finished 1491904338.5379
child 20114 finished 1491904338.5631
child 20112 finished 1491904338.606
child 20101 finished 1491904338.6138
child 20118 finished 1491904338.6222
child 20116 finished 1491904338.8468
child 20119 finished 1491904338.921
child 20111 finished 1491904338.9285
child 20109 finished 1491904339.0659
child 20142 finished 1491904339.1919
child 20145 finished 1491904339.2004
child 20138 finished 1491904339.2089
child 20139 finished 1491904339.2184
child 20144 finished 1491904339.2594
child 20148 finished 1491904339.2914
child 20147 finished 1491904339.3013
child 20146 finished 1491904339.3094
child 20135 finished 1491904339.3778
child 20133 finished 1491904339.3852
child 20110 finished 1491904339.3943
child 20141 finished 1491904339.4014
child 20136 finished 1491904339.4521
child 20140 finished 1491904339.5142
child 20137 finished 1491904339.521
child 20132 finished 1491904339.6366
child 20134 finished 1491904339.6691
child 20172 finished 1491904339.7453
child 20173 finished 1491904339.7675
child 20171 finished 1491904339.803
child 20168 finished 1491904339.8641
child 20167 finished 1491904339.9129
child 20166 finished 1491904339.9735
child 20170 finished 1491904339.9825
child 20169 finished 1491904339.9895
child 20188 finished 1491904340.1351
child 20195 finished 1491904340.2515
child 20190 finished 1491904340.26
child 20187 finished 1491904340.2672
child 20183 finished 1491904340.2741
child 20210 finished 1491904340.3317
child 20213 finished 1491904340.3386
child 20192 finished 1491904340.347
child 20211 finished 1491904340.3559
child 20191 finished 1491904340.3626
child 20184 finished 1491904340.4156
child 20186 finished 1491904340.4228
child 20185 finished 1491904340.4296
child 20193 finished 1491904340.4377
child 20214 finished 1491904340.4458
child 20212 finished 1491904340.4525
child 20189 finished 1491904340.4591
child 20182 finished 1491904340.4674
child 20215 finished 1491904340.4745
child 20194 finished 1491904340.521
child 20216 finished 1491904340.5879
child 20143 finished 1491904340.5954
child 20232 finished 1491904340.8351
child 20224 finished 1491904340.8419
child 20228 finished 1491904340.8486
child 20226 finished 1491904340.9054
child 20227 finished 1491904340.914
child 20231 finished 1491904340.9206
child 20242 finished 1491904340.9272
child 20229 finished 1491904340.9351
child 20236 finished 1491904341.05
child 20230 finished 1491904341.1402
child 20246 finished 1491904341.2203
child 20244 finished 1491904341.2785
child 20252 finished 1491904341.3214
child 20248 finished 1491904341.3282
child 20253 finished 1491904341.3826
child 20258 finished 1491904341.3902
child 20250 finished 1491904341.4312
child 20260 finished 1491904341.4862
child 20256 finished 1491904341.5165
child 20262 finished 1491904341.5602
child 20264 finished 1491904341.5803
end 1491904341.5869
