start 1491905670.2652
child 21647 finished 1491905725.4382
child 21651 finished 1491905725.4595
child 21642 finished 1491905725.5402
child 21645 finished 1491905725.7502
child 21652 finished 1491905725.8632
child 21643 finished 1491905725.8791
child 21655 finished 1491905725.9772
child 21654 finished 1491905725.993
child 21640 finished 1491905726.005
child 21653 finished 1491905726.0819
child 21644 finished 1491905726.1016
child 21638 finished 1491905726.2195
child 21649 finished 1491905726.2931
child 21656 finished 1491905726.4222
child 21641 finished 1491905726.4865
child 21637 finished 1491905726.5549
child 21663 finished 1491905726.6215
child 21658 finished 1491905726.7508
child 21662 finished 1491905726.765
child 21699 finished 1491905726.7805
child 21694 finished 1491905726.9857
child 21689 finished 1491905727.0482
child 21690 finished 1491905727.0555
child 21664 finished 1491905727.1783
child 21666 finished 1491905727.187
child 21719 finished 1491905727.2342
child 21661 finished 1491905727.2434
child 21648 finished 1491905727.2516
child 21660 finished 1491905727.2587
child 21691 finished 1491905727.2673
child 21667 finished 1491905727.2743
child 21657 finished 1491905727.3384
child 21692 finished 1491905727.3472
child 21698 finished 1491905727.3551
child 21686 finished 1491905727.3801
child 21695 finished 1491905727.4119
child 21693 finished 1491905727.4214
child 21696 finished 1491905727.4847
child 21721 finished 1491905727.5466
child 21688 finished 1491905727.5548
child 21725 finished 1491905727.656
child 21665 finished 1491905727.6652
child 21724 finished 1491905727.6734
child 21685 finished 1491905727.7443
child 21722 finished 1491905727.7524
child 21639 finished 1491905727.7597
child 21700 finished 1491905727.8316
child 21687 finished 1491905727.8383
child 21726 finished 1491905727.8615
child 21727 finished 1491905727.8934
child 21729 finished 1491905727.9431
child 21718 finished 1491905727.9515
child 21728 finished 1491905727.9596
child 21720 finished 1491905727.9685
child 21650 finished 1491905728.0362
child 21646 finished 1491905728.0445
child 21717 finished 1491905728.1521
child 21748 finished 1491905728.202
child 21782 finished 1491905728.3846
child 21787 finished 1491905728.3933
child 21788 finished 1491905728.4668
child 21757 finished 1491905728.5077
child 21785 finished 1491905728.5168
child 21751 finished 1491905728.5232
child 21780 finished 1491905728.5314
child 21776 finished 1491905728.5383
child 21747 finished 1491905728.547
child 21781 finished 1491905728.5531
child 21755 finished 1491905728.6133
child 21756 finished 1491905728.6803
child 21784 finished 1491905728.7479
child 21783 finished 1491905728.7552
child 21786 finished 1491905728.7645
child 21750 finished 1491905728.8031
child 21753 finished 1491905728.827
child 21749 finished 1491905728.8632
child 21659 finished 1491905728.8703
child 21778 finished 1491905728.8804
child 21775 finished 1491905728.9259
child 21745 finished 1491905728.9959
child 21805 finished 1491905729.0162
child 21746 finished 1491905729.0255
child 21668 finished 1491905729.0691
child 21789 finished 1491905729.1134
child 21779 finished 1491905729.1219
child 21697 finished 1491905729.2383
child 21758 finished 1491905729.2468
child 21806 finished 1491905729.28
child 21730 finished 1491905729.3333
child 21808 finished 1491905729.3532
child 21723 finished 1491905729.382
child 21807 finished 1491905729.3902
child 21777 finished 1491905729.3968
child 21754 finished 1491905729.5588
child 21752 finished 1491905729.6609
child 21809 finished 1491905729.7048
child 21759 finished 1491905729.7643
child 21810 finished 1491905729.7709
child 21812 finished 1491905729.8498
child 21811 finished 1491905729.9612
end 1491905729.9679
